Library/Bee/Android/Prj/IL2CPP/Gradle/unityLibrary/build/intermediates/manifest_merge_blame_file/release/manifest-merger-blame-release-report.txt
1<?xml version="1.0" encoding="utf-8"?>
2<manifest xmlns:android="http://schemas.android.com/apk/res/android"
3    xmlns:tools="http://schemas.android.com/tools"
4    package="com.unity3d.player" >
5
6    <uses-sdk
7        android:minSdkVersion="27"
7-->src\main\AndroidManifest.xml
8        android:targetSdkVersion="29" />
8-->src\main\AndroidManifest.xml
9
10    <uses-permission android:name="android.permission.BLUETOOTH" />
10-->src\main\AndroidManifest.xml:3:3-66
10-->src\main\AndroidManifest.xml:3:20-63
11    <uses-permission android:name="android.permission.BLUETOOTH_ADMIN" />
11-->src\main\AndroidManifest.xml:4:3-72
11-->src\main\AndroidManifest.xml:4:20-69
12    <uses-permission android:name="android.permission.BLUETOOTH_PRIVILEGED" />
12-->src\main\AndroidManifest.xml:5:3-77
12-->src\main\AndroidManifest.xml:5:20-74
13    <uses-permission android:name="android.permission.ACCESS_COARSE_LOCATION" />
13-->src\main\AndroidManifest.xml:6:3-79
13-->src\main\AndroidManifest.xml:6:20-76
14    <uses-permission android:name="android.permission.ACCESS_FINE_LOCATION" />
14-->src\main\AndroidManifest.xml:7:3-77
14-->src\main\AndroidManifest.xml:7:20-74
15    <uses-permission android:name="android.permission.INTERNET" />
15-->src\main\AndroidManifest.xml:8:3-65
15-->src\main\AndroidManifest.xml:8:20-62
16
17    <uses-feature android:glEsVersion="0x00020000" />
17-->src\main\AndroidManifest.xml:9:3-52
17-->src\main\AndroidManifest.xml:9:17-49
18    <uses-feature
18-->src\main\AndroidManifest.xml:10:3-88
19        android:name="android.hardware.touchscreen"
19-->src\main\AndroidManifest.xml:10:17-60
20        android:required="false" />
20-->src\main\AndroidManifest.xml:10:61-85
21    <uses-feature
21-->src\main\AndroidManifest.xml:11:3-99
22        android:name="android.hardware.touchscreen.multitouch"
22-->src\main\AndroidManifest.xml:11:17-71
23        android:required="false" />
23-->src\main\AndroidManifest.xml:11:72-96
24    <uses-feature
24-->src\main\AndroidManifest.xml:12:3-108
25        android:name="android.hardware.touchscreen.multitouch.distinct"
25-->src\main\AndroidManifest.xml:12:17-80
26        android:required="false" />
26-->src\main\AndroidManifest.xml:12:81-105
27
28    <application android:extractNativeLibs="true" >
28-->src\main\AndroidManifest.xml:13:3-25:17
28-->src\main\AndroidManifest.xml:13:16-48
29        <meta-data
29-->src\main\AndroidManifest.xml:14:5-69
30            android:name="unity.splash-mode"
30-->src\main\AndroidManifest.xml:14:16-48
31            android:value="0" />
31-->src\main\AndroidManifest.xml:14:49-66
32        <meta-data
32-->src\main\AndroidManifest.xml:15:5-74
33            android:name="unity.splash-enable"
33-->src\main\AndroidManifest.xml:15:16-50
34            android:value="True" />
34-->src\main\AndroidManifest.xml:15:51-71
35        <meta-data
35-->src\main\AndroidManifest.xml:16:5-78
36            android:name="unity.launch-fullscreen"
36-->src\main\AndroidManifest.xml:16:16-54
37            android:value="True" />
37-->src\main\AndroidManifest.xml:16:55-75
38        <meta-data
38-->src\main\AndroidManifest.xml:17:5-84
39            android:name="unity.allow-resizable-window"
39-->src\main\AndroidManifest.xml:17:16-59
40            android:value="False" />
40-->src\main\AndroidManifest.xml:17:60-81
41
42        <activity
42-->src\main\AndroidManifest.xml:18:5-24:16
43            android:name="com.unity3d.player.UnityPlayerActivity"
43-->src\main\AndroidManifest.xml:18:15-68
44            android:configChanges="mcc|mnc|locale|touchscreen|keyboard|keyboardHidden|navigation|orientation|screenLayout|uiMode|screenSize|smallestScreenSize|fontScale|layoutDirection|density"
44-->src\main\AndroidManifest.xml:18:180-361
45            android:hardwareAccelerated="false"
45-->src\main\AndroidManifest.xml:18:397-432
46            android:launchMode="singleTask"
46-->src\main\AndroidManifest.xml:18:148-179
47            android:resizeableActivity="false"
47-->src\main\AndroidManifest.xml:18:362-396
48            android:screenOrientation="fullUser"
48-->src\main\AndroidManifest.xml:18:111-147
49            android:theme="@style/UnityThemeSelector" >
49-->src\main\AndroidManifest.xml:18:69-110
50            <intent-filter>
50-->src\main\AndroidManifest.xml:19:7-22:23
51                <category android:name="android.intent.category.LAUNCHER" />
51-->src\main\AndroidManifest.xml:20:9-69
51-->src\main\AndroidManifest.xml:20:19-66
52
53                <action android:name="android.intent.action.MAIN" />
53-->src\main\AndroidManifest.xml:21:9-61
53-->src\main\AndroidManifest.xml:21:17-58
54            </intent-filter>
55
56            <meta-data
56-->src\main\AndroidManifest.xml:23:7-82
57                android:name="unityplayer.UnityActivity"
57-->src\main\AndroidManifest.xml:23:18-58
58                android:value="true" />
58-->src\main\AndroidManifest.xml:23:59-79
59        </activity>
60    </application>
61
62</manifest>